<?xml version="1.0" encoding="UTF-8"?>
<!-- Generated by org.testng.reporters.JUnitReportReporter -->
<testsuite skipped="0" hostname="ibtikar" name="tests.LoginTest" tests="1" failures="0" timestamp="2021-08-17T14:28:25 EET" time="0.928" errors="0">
  <testcase name="Admin_login" time="0.928" classname="tests.LoginTest"/>
  <system-out/>
</testsuite> <!-- tests.LoginTest -->
