<?xml version="1.0" encoding="UTF-8"?>
<!-- Generated by org.testng.reporters.JUnitReportReporter -->
<testsuite hostname="ibtikar" failures="0" tests="1" name="tests.LoginTest" time="0.897" errors="0" timestamp="2021-08-17T14:37:39 EET" skipped="0">
  <testcase classname="tests.LoginTest" name="Admin_login" time="0.897"/>
  <system-out/>
</testsuite> <!-- tests.LoginTest -->
